DEBUG:anaconda.modules.common:The configuration is loaded from: ['/run/anaconda/anaconda.conf']
INFO:program:Running... udevadm trigger --action=change --subsystem-match=block
DEBUG:program:Return code: 0
INFO:program:Running... udevadm settle --timeout=300
DEBUG:program:Return code: 0
DEBUG:anaconda.core.util:ID_LIKE not found in os-release files
DEBUG:anaconda.core.kickstart.version:Using ID for version detection: fedora
DEBUG:anaconda.core.kickstart.version:Attempting to convert version string: f43
INFO:anaconda.core.kickstart.version:Detected kickstart version from platform ID: f43 -> 43000
INFO:anaconda.core.kickstart.version:Using os-release detected kickstart version
INFO:blivet:failed to get initiator name from iscsi firmware: Failed to call GetFirmwareInitiatorName method on /org/freedesktop/UDisks2/Manager with None arguments: GDBus.Error:org.freedesktop.UDisks2.Error.ISCSI.NoFirmware: No firmware found
DEBUG:anaconda.modules.storage.bootloader.bootloader:The default type is set to 'BootloaderType.DEFAULT'.
DEBUG:anaconda.modules.storage.fcoe.fcoe:Start up the FCoE module.
INFO:program:[libmkod] custom logging function 0x7f6dcb373680 registered

INFO:program:[libmkod] context 0x561f6870d0b0 released

INFO:program:Running... /usr/libexec/fcoe/fcoe_edd.sh -i
ERROR:program:Error running /usr/libexec/fcoe/fcoe_edd.sh: No such file or directory
INFO:blivet:Failed to read FCoE EDD info: No such file or directory
DEBUG:anaconda.modules.storage.iscsi.iscsi:Start up the iSCSI module.
DEBUG:anaconda.modules.storage.nvme.nvme:Start up the NVMe module.
DEBUG:anaconda.modules.storage.zfcp.zfcp:Start up the zFCP module.
DEBUG:blivet:               Ext4FS.supported: supported: True ;
DEBUG:blivet:get_format('ext4') returning Ext4FS instance with object id 0
DEBUG:blivet:            Ext4FS.supported: supported: True ;
DEBUG:blivet:trying to set new default fstype to 'ext4'
DEBUG:blivet:                  Ext4FS.supported: supported: True ;
DEBUG:blivet:get_format('ext4') returning Ext4FS instance with object id 1
DEBUG:blivet:               Ext4FS.supported: supported: True ;
INFO:blivet:Fstab file '' does not exist, setting fstab read path to None
INFO:program:Running... lsblk --bytes -a -o NAME,SIZE,OWNER,GROUP,MODE,FSTYPE,LABEL,UUID,PARTUUID,MOUNTPOINT
INFO:program:stdout:
INFO:program:NAME                SIZE OWNER GROUP MODE       FSTYPE LABEL    UUID                                 PARTUUID                             MOUNTPOINT
INFO:program:loop0        26216497152 root  disk  brw-rw---- ext4   Anaconda 118508be-3425-416b-b641-62d4102f0406                                      /mnt/sysimage
INFO:program:sda         160041885696 root  disk  brw-rw----                                                                                           
INFO:program:|-sda1         528482304 root  disk  brw-rw---- vfat            460D-F4D3                            75d05e3d-12d3-4f3f-b28f-704ff99e9c53 
INFO:program:`-sda2      159510429696 root  disk  brw-rw---- ntfs   Toshiba  F08E8BDD8E8B9B2C                     b1d1c37b-4dae-4d51-a1a9-0e6ef158be21 /run/media/medba/Toshiba
INFO:program:zram0         8589934592 root  disk  brw-rw---- swap   zram0    6d3329b8-4b1b-46d9-a40a-2981da5f44ba                                      [SWAP]
INFO:program:nvme0n1     256060514304 root  disk  brw-rw----                                                                                           
INFO:program:|-nvme0n1p1    629145600 root  disk  brw-rw---- vfat            29C4-C1AC                            2c49c890-c5ba-4266-aa29-c47030afd130 /boot/efi
INFO:program:|-nvme0n1p2   2147483648 root  disk  brw-rw---- ext4            132963ae-8bab-4d0d-91e9-c02cc6c80ebb e187858f-afb0-4551-9635-91dea253d2de /boot
INFO:program:`-nvme0n1p3 253282484224 root  disk  brw-rw---- btrfs  fedora   88fce775-7354-47ca-9017-1777011d425e 36e166dd-23e3-4b87-a6bb-c7043383245f /home
DEBUG:program:Return code: 0
DEBUG:blivet:lsblk output:
NAME                SIZE OWNER GROUP MODE       FSTYPE LABEL    UUID                                 PARTUUID                             MOUNTPOINT
loop0        26216497152 root  disk  brw-rw---- ext4   Anaconda 118508be-3425-416b-b641-62d4102f0406                                      /mnt/sysimage
sda         160041885696 root  disk  brw-rw----                                                                                           
|-sda1         528482304 root  disk  brw-rw---- vfat            460D-F4D3                            75d05e3d-12d3-4f3f-b28f-704ff99e9c53 
`-sda2      159510429696 root  disk  brw-rw---- ntfs   Toshiba  F08E8BDD8E8B9B2C                     b1d1c37b-4dae-4d51-a1a9-0e6ef158be21 /run/media/medba/Toshiba
zram0         8589934592 root  disk  brw-rw---- swap   zram0    6d3329b8-4b1b-46d9-a40a-2981da5f44ba                                      [SWAP]
nvme0n1     256060514304 root  disk  brw-rw----                                                                                           
|-nvme0n1p1    629145600 root  disk  brw-rw---- vfat            29C4-C1AC                            2c49c890-c5ba-4266-aa29-c47030afd130 /boot/efi
|-nvme0n1p2   2147483648 root  disk  brw-rw---- ext4            132963ae-8bab-4d0d-91e9-c02cc6c80ebb e187858f-afb0-4551-9635-91dea253d2de /boot
`-nvme0n1p3 253282484224 root  disk  brw-rw---- btrfs  fedora   88fce775-7354-47ca-9017-1777011d425e 36e166dd-23e3-4b87-a6bb-c7043383245f /home

DEBUG:blivet:lvm filter: clearing the lvm devices list
DEBUG:blivet:lvm filter: clearing the lvm devices list
DEBUG:blivet:trying to set new default fstype to 'ext4'
DEBUG:blivet:                Ext4FS.supported: supported: True ;
DEBUG:blivet:get_format('ext4') returning Ext4FS instance with object id 2
DEBUG:blivet:             Ext4FS.supported: supported: True ;
DEBUG:anaconda.storage:trying to set new default luks version to 'luks2'
DEBUG:blivet:              LUKS.__init__: luks_version: luks2 ;
DEBUG:blivet:get_format('luks') returning LUKS instance with object id 3
DEBUG:anaconda.modules.storage.storage:The storage model has changed.
DEBUG:anaconda.modules.common.base.base:Publish the service.
DEBUG:dasbus.connection:Publishing an object at /org/fedoraproject/Anaconda/Modules/Storage/Checker.
INFO:anaconda.core.dbus:Connecting to the Anaconda bus at unix:path=/tmp/dbus-wfoGuFfWJY,guid=0013e6afe2760deecee07bf3698f2db7.
WARNING:py.warnings:/usr/lib/python3.14/site-packages/dasbus/server/handler.py:78: DeprecationWarning: Gio.DBusConnection.register_object is deprecated
  registration_id = connection.register_object(

DEBUG:dasbus.connection:Publishing an object at /org/fedoraproject/Anaconda/Modules/Storage/DeviceTree.
DEBUG:dasbus.connection:Publishing an object at /org/fedoraproject/Anaconda/Modules/Storage/DiskInitialization.
DEBUG:dasbus.connection:Publishing an object at /org/fedoraproject/Anaconda/Modules/Storage/DiskSelection.
DEBUG:dasbus.connection:Publishing an object at /org/fedoraproject/Anaconda/Modules/Storage/Snapshot.
DEBUG:dasbus.connection:Publishing an object at /org/fedoraproject/Anaconda/Modules/Storage/Bootloader.
DEBUG:dasbus.connection:Publishing an object at /org/fedoraproject/Anaconda/Modules/Storage/FCoE.
DEBUG:dasbus.connection:Publishing an object at /org/fedoraproject/Anaconda/Modules/Storage/iSCSI.
DEBUG:dasbus.connection:Publishing an object at /org/fedoraproject/Anaconda/Modules/Storage/NVMe.
DEBUG:dasbus.connection:Publishing an object at /org/fedoraproject/Anaconda/Modules/Storage/DASD.
DEBUG:dasbus.connection:Publishing an object at /org/fedoraproject/Anaconda/Modules/Storage/zFCP.
DEBUG:dasbus.connection:Publishing an object at /org/fedoraproject/Anaconda/Modules/Storage.
DEBUG:dasbus.connection:Registering a service name org.fedoraproject.Anaconda.Modules.Storage.
DEBUG:anaconda.modules.common.base.base:Start the loop.
WARNING:py.warnings:/usr/lib64/python3.14/site-packages/gi/events.py:718: DeprecationWarning: 'asyncio.AbstractEventLoopPolicy' is deprecated and slated for removal in Python 3.16
  class GLibEventLoopPolicy(asyncio.AbstractEventLoopPolicy):

WARNING:py.warnings:/usr/lib64/python3.14/site-packages/gi/_ossighelper.py:266: DeprecationWarning: 'asyncio.get_event_loop_policy' is deprecated and slated for removal in Python 3.16
  policy = asyncio.get_event_loop_policy()

DEBUG:anaconda.modules.common.base.base:Reading kickstart...
DEBUG:anaconda.modules.storage.disk_initialization.initialization:Can format unrecognized is set to 'False'.
DEBUG:anaconda.modules.storage.disk_initialization.initialization:Default disk label is set to ''.
DEBUG:anaconda.modules.storage.disk_initialization.initialization:Can initialize labels is set to 'True'.
DEBUG:anaconda.modules.storage.disk_initialization.initialization:Can format LDL is set to 'False'.
DEBUG:anaconda.modules.storage.disk_initialization.initialization:The initialization mode is set to 'InitializationMode.CLEAR_ALL'.
DEBUG:anaconda.modules.storage.disk_initialization.initialization:Devices to clear are set to '[]'.
DEBUG:anaconda.modules.storage.disk_initialization.initialization:Drives to clear are set to '[]'.
DEBUG:anaconda.modules.storage.disk_selection.selection:Selected disks are set to '[]'.
DEBUG:anaconda.modules.storage.disk_selection.selection:Exclusive disks are set to '[]'.
DEBUG:anaconda.modules.storage.disk_selection.selection:Ignored disks are set to '[]'.
DEBUG:anaconda.modules.storage.bootloader.bootloader:Bootloader mode is set to 'BootloaderMode.ENABLED'.
DEBUG:anaconda.modules.storage.bootloader.bootloader:Preferred location is set to 'DEFAULT'.
DEBUG:anaconda.modules.storage.storage:Created the partitioning CUSTOM.
DEBUG:anaconda.modules.common.base.base:Kickstarted is set to True.
DEBUG:dasbus.connection:Publishing an object at /org/fedoraproject/Anaconda/Modules/Storage/Partitioning/1.
DEBUG:anaconda.modules.common.base.base:Locale is set to en_US.UTF-8.
DEBUG:anaconda.modules.storage.checker.checker:Constraint 'min_ram' is set to '335544320'.
DEBUG:anaconda.modules.storage.disk_selection.selection:Disk images are set to '{}'.
DEBUG:dasbus.connection:Publishing an object at /org/fedoraproject/Anaconda/Modules/Storage/Task/1.
DEBUG:dasbus.connection:Publishing an object at /org/fedoraproject/Anaconda/Modules/Storage/Task/2.
DEBUG:dasbus.connection:Publishing an object at /org/fedoraproject/Anaconda/Modules/Storage/Task/3.
DEBUG:dasbus.connection:Publishing an object at /org/fedoraproject/Anaconda/Modules/Storage/Task/4.
INFO:anaconda.core.threads:Running Thread: AnaTaskThread-CreateStorageLayoutTask-1 (140109401986752)
INFO:anaconda.modules.common.task.task:Create storage layout
DEBUG:anaconda.modules.storage.installation:Don't create the storage layout during the installation to a directory.
INFO:anaconda.core.threads:Thread Done: AnaTaskThread-CreateStorageLayoutTask-1 (140109401986752)
INFO:anaconda.core.threads:Running Thread: AnaTaskThread-MountFilesystemsTask-1 (140109401986752)
INFO:anaconda.modules.common.task.task:Mount filesystems
DEBUG:blivet:                  BindFS.supported: supported: False ;
DEBUG:blivet:get_format('bind') returning BindFS instance with object id 4
DEBUG:blivet:get_format('None') returning DeviceFormat instance with object id 6
DEBUG:blivet:                     DirectoryDevice._set_format: /dev ; type: bind ; current: None ;
DEBUG:blivet:updated /dev size to 4.57 KiB (4.57 KiB)
DEBUG:blivet:                      TmpFS.supported: supported: True ;
DEBUG:blivet:get_format('tmpfs') returning TmpFS instance with object id 8
DEBUG:blivet:get_format('None') returning DeviceFormat instance with object id 10
DEBUG:blivet:                     NoDevice._set_format: tmpfs ; type: tmpfs ; current: None ;
DEBUG:blivet:                    DevPtsFS.supported: supported: False ;
DEBUG:blivet:get_format('devpts') returning DevPtsFS instance with object id 12
DEBUG:blivet:get_format('None') returning DeviceFormat instance with object id 14
DEBUG:blivet:                     NoDevice._set_format: devpts ; type: devpts ; current: None ;
DEBUG:blivet:                    SysFS.supported: supported: False ;
DEBUG:blivet:get_format('sysfs') returning SysFS instance with object id 16
DEBUG:blivet:get_format('None') returning DeviceFormat instance with object id 18
DEBUG:blivet:                     NoDevice._set_format: sysfs ; type: sysfs ; current: None ;
DEBUG:blivet:                    ProcFS.supported: supported: False ;
DEBUG:blivet:get_format('proc') returning ProcFS instance with object id 20
DEBUG:blivet:get_format('None') returning DeviceFormat instance with object id 22
DEBUG:blivet:                     NoDevice._set_format: proc ; type: proc ; current: None ;
DEBUG:blivet:                    SELinuxFS.supported: supported: False ;
DEBUG:blivet:get_format('selinuxfs') returning SELinuxFS instance with object id 24
DEBUG:blivet:get_format('None') returning DeviceFormat instance with object id 26
DEBUG:blivet:                     NoDevice._set_format: selinuxfs ; type: selinuxfs ; current: None ;
DEBUG:blivet:                    USBFS.supported: supported: False ;
DEBUG:blivet:get_format('usbfs') returning USBFS instance with object id 28
DEBUG:blivet:get_format('None') returning DeviceFormat instance with object id 30
DEBUG:blivet:                     NoDevice._set_format: usbfs ; type: usbfs ; current: None ;
DEBUG:blivet:                  BindFS.supported: supported: False ;
DEBUG:blivet:get_format('bind') returning BindFS instance with object id 32
DEBUG:blivet:get_format('None') returning DeviceFormat instance with object id 34
DEBUG:blivet:                     DirectoryDevice._set_format: /run ; type: bind ; current: None ;
DEBUG:blivet:updated /run size to 1.46 KiB (1.46 KiB)
DEBUG:blivet:                    EFIVarFS.supported: supported: False ;
DEBUG:blivet:get_format('efivarfs') returning EFIVarFS instance with object id 36
DEBUG:blivet:get_format('None') returning DeviceFormat instance with object id 38
DEBUG:blivet:                     NoDevice._set_format: efivarfs ; type: efivarfs ; current: None ;
DEBUG:blivet:                      TmpFS.supported: supported: True ;
DEBUG:blivet:get_format('tmpfs') returning TmpFS instance with object id 40
DEBUG:blivet:get_format('None') returning DeviceFormat instance with object id 42
DEBUG:blivet:                     NoDevice._set_format: tmpfs ; type: tmpfs ; current: None ;
DEBUG:blivet:            DirectoryDevice.setup: /dev ; orig: False ; status: True ; controllable: True ;
INFO:program:Running... udevadm settle --timeout=300
DEBUG:program:Return code: 0
DEBUG:testdata:sysfs attr /sys/class/block/sda/device/model: 4558542045787465726e616c202020200a
DEBUG:testdata:sysfs attr /sys/class/block/nvme0n1/device/model: 53414d53554e47204d5a564c42323536484248512d3030304c3720202020202020202020202020200a
INFO:program:Running... udevadm settle --timeout=300
DEBUG:program:Return code: 0
DEBUG:testdata:sysfs attr /sys/class/block/sda/device/model: 4558542045787465726e616c202020200a
DEBUG:testdata:sysfs attr /sys/class/block/nvme0n1/device/model: 53414d53554e47204d5a564c42323536484248512d3030304c3720202020202020202020202020200a
INFO:program:Running... udevadm settle --timeout=300
DEBUG:program:Return code: 0
DEBUG:testdata:sysfs attr /sys/class/block/sda/device/model: 4558542045787465726e616c202020200a
DEBUG:testdata:sysfs attr /sys/class/block/nvme0n1/device/model: 53414d53554e47204d5a564c42323536484248512d3030304c3720202020202020202020202020200a
INFO:program:Running... udevadm settle --timeout=300
DEBUG:program:Return code: 0
DEBUG:testdata:sysfs attr /sys/class/block/sda/device/model: 4558542045787465726e616c202020200a
DEBUG:testdata:sysfs attr /sys/class/block/nvme0n1/device/model: 53414d53554e47204d5a564c42323536484248512d3030304c3720202020202020202020202020200a
INFO:program:Running... udevadm settle --timeout=300
DEBUG:program:Return code: 0
DEBUG:testdata:sysfs attr /sys/class/block/sda/device/model: 4558542045787465726e616c202020200a
DEBUG:testdata:sysfs attr /sys/class/block/nvme0n1/device/model: 53414d53554e47204d5a564c42323536484248512d3030304c3720202020202020202020202020200a
INFO:program:Running... udevadm settle --timeout=300
DEBUG:program:Return code: 0
DEBUG:testdata:sysfs attr /sys/class/block/sda/device/model: 4558542045787465726e616c202020200a
DEBUG:testdata:sysfs attr /sys/class/block/nvme0n1/device/model: 53414d53554e47204d5a564c42323536484248512d3030304c3720202020202020202020202020200a
INFO:program:Running... udevadm settle --timeout=300
DEBUG:program:Return code: 0
DEBUG:testdata:sysfs attr /sys/class/block/sda/device/model: 4558542045787465726e616c202020200a
DEBUG:testdata:sysfs attr /sys/class/block/nvme0n1/device/model: 53414d53554e47204d5a564c42323536484248512d3030304c3720202020202020202020202020200a
INFO:program:Running... udevadm settle --timeout=300
DEBUG:program:Return code: 0
DEBUG:testdata:sysfs attr /sys/class/block/sda/device/model: 4558542045787465726e616c202020200a
DEBUG:testdata:sysfs attr /sys/class/block/nvme0n1/device/model: 53414d53554e47204d5a564c42323536484248512d3030304c3720202020202020202020202020200a
INFO:program:Running... udevadm settle --timeout=300
DEBUG:program:Return code: 0
DEBUG:testdata:sysfs attr /sys/class/block/sda/device/model: 4558542045787465726e616c202020200a
DEBUG:testdata:sysfs attr /sys/class/block/nvme0n1/device/model: 53414d53554e47204d5a564c42323536484248512d3030304c3720202020202020202020202020200a
INFO:program:Running... udevadm settle --timeout=300
DEBUG:program:Return code: 0
DEBUG:testdata:sysfs attr /sys/class/block/sda/device/model: 4558542045787465726e616c202020200a
DEBUG:testdata:sysfs attr /sys/class/block/nvme0n1/device/model: 53414d53554e47204d5a564c42323536484248512d3030304c3720202020202020202020202020200a
INFO:program:Running... udevadm settle --timeout=300
DEBUG:program:Return code: 0
DEBUG:testdata:sysfs attr /sys/class/block/sda/device/model: 4558542045787465726e616c202020200a
DEBUG:testdata:sysfs attr /sys/class/block/nvme0n1/device/model: 53414d53554e47204d5a564c42323536484248512d3030304c3720202020202020202020202020200a
INFO:program:Running... udevadm settle --timeout=300
DEBUG:program:Return code: 0
DEBUG:testdata:sysfs attr /sys/class/block/sda/device/model: 4558542045787465726e616c202020200a
DEBUG:testdata:sysfs attr /sys/class/block/nvme0n1/device/model: 53414d53554e47204d5a564c42323536484248512d3030304c3720202020202020202020202020200a
DEBUG:blivet:            BindFS.setup: device: /dev ; type: bind ; status: False ;
INFO:program:Running... udevadm settle --timeout=300
DEBUG:program:Return code: 0
DEBUG:testdata:sysfs attr /sys/class/block/sda/device/model: 4558542045787465726e616c202020200a
DEBUG:testdata:sysfs attr /sys/class/block/nvme0n1/device/model: 53414d53554e47204d5a564c42323536484248512d3030304c3720202020202020202020202020200a
DEBUG:blivet:            NoDevice.setup: devpts ; orig: False ; status: False ; controllable: True ;
INFO:program:Running... udevadm settle --timeout=300
DEBUG:program:Return code: 0
DEBUG:testdata:sysfs attr /sys/class/block/sda/device/model: 4558542045787465726e616c202020200a
DEBUG:testdata:sysfs attr /sys/class/block/nvme0n1/device/model: 53414d53554e47204d5a564c42323536484248512d3030304c3720202020202020202020202020200a
INFO:program:Running... udevadm settle --timeout=300
DEBUG:program:Return code: 0
DEBUG:testdata:sysfs attr /sys/class/block/sda/device/model: 4558542045787465726e616c202020200a
DEBUG:testdata:sysfs attr /sys/class/block/nvme0n1/device/model: 53414d53554e47204d5a564c42323536484248512d3030304c3720202020202020202020202020200a
INFO:program:Running... udevadm settle --timeout=300
DEBUG:program:Return code: 0
DEBUG:testdata:sysfs attr /sys/class/block/sda/device/model: 4558542045787465726e616c202020200a
DEBUG:testdata:sysfs attr /sys/class/block/nvme0n1/device/model: 53414d53554e47204d5a564c42323536484248512d3030304c3720202020202020202020202020200a
INFO:program:Running... udevadm settle --timeout=300
DEBUG:program:Return code: 0
DEBUG:testdata:sysfs attr /sys/class/block/sda/device/model: 4558542045787465726e616c202020200a
DEBUG:testdata:sysfs attr /sys/class/block/nvme0n1/device/model: 53414d53554e47204d5a564c42323536484248512d3030304c3720202020202020202020202020200a
INFO:program:Running... udevadm settle --timeout=300
DEBUG:program:Return code: 0
DEBUG:testdata:sysfs attr /sys/class/block/sda/device/model: 4558542045787465726e616c202020200a
DEBUG:testdata:sysfs attr /sys/class/block/nvme0n1/device/model: 53414d53554e47204d5a564c42323536484248512d3030304c3720202020202020202020202020200a
INFO:program:Running... udevadm settle --timeout=300
DEBUG:program:Return code: 0
DEBUG:testdata:sysfs attr /sys/class/block/sda/device/model: 4558542045787465726e616c202020200a
DEBUG:testdata:sysfs attr /sys/class/block/nvme0n1/device/model: 53414d53554e47204d5a564c42323536484248512d3030304c3720202020202020202020202020200a
INFO:program:Running... udevadm settle --timeout=300
DEBUG:program:Return code: 0
DEBUG:testdata:sysfs attr /sys/class/block/sda/device/model: 4558542045787465726e616c202020200a
DEBUG:testdata:sysfs attr /sys/class/block/nvme0n1/device/model: 53414d53554e47204d5a564c42323536484248512d3030304c3720202020202020202020202020200a
INFO:program:Running... udevadm settle --timeout=300
DEBUG:program:Return code: 0
DEBUG:testdata:sysfs attr /sys/class/block/sda/device/model: 4558542045787465726e616c202020200a
DEBUG:testdata:sysfs attr /sys/class/block/nvme0n1/device/model: 53414d53554e47204d5a564c42323536484248512d3030304c3720202020202020202020202020200a
INFO:program:Running... udevadm settle --timeout=300
DEBUG:program:Return code: 0
DEBUG:testdata:sysfs attr /sys/class/block/sda/device/model: 4558542045787465726e616c202020200a
DEBUG:testdata:sysfs attr /sys/class/block/nvme0n1/device/model: 53414d53554e47204d5a564c42323536484248512d3030304c3720202020202020202020202020200a
INFO:program:Running... udevadm settle --timeout=300
DEBUG:program:Return code: 0
DEBUG:testdata:sysfs attr /sys/class/block/sda/device/model: 4558542045787465726e616c202020200a
DEBUG:testdata:sysfs attr /sys/class/block/nvme0n1/device/model: 53414d53554e47204d5a564c42323536484248512d3030304c3720202020202020202020202020200a
INFO:program:Running... udevadm settle --timeout=300
DEBUG:program:Return code: 0
DEBUG:testdata:sysfs attr /sys/class/block/sda/device/model: 4558542045787465726e616c202020200a
DEBUG:testdata:sysfs attr /sys/class/block/nvme0n1/device/model: 53414d53554e47204d5a564c42323536484248512d3030304c3720202020202020202020202020200a
DEBUG:blivet:            DevPtsFS.setup: device: devpts ; type: devpts ; status: False ;
INFO:program:Running... udevadm settle --timeout=300
DEBUG:program:Return code: 0
DEBUG:testdata:sysfs attr /sys/class/block/sda/device/model: 4558542045787465726e616c202020200a
DEBUG:testdata:sysfs attr /sys/class/block/nvme0n1/device/model: 53414d53554e47204d5a564c42323536484248512d3030304c3720202020202020202020202020200a
DEBUG:blivet:            NoDevice.setup: tmpfs ; orig: False ; status: False ; controllable: True ;
INFO:program:Running... udevadm settle --timeout=300
DEBUG:program:Return code: 0
DEBUG:testdata:sysfs attr /sys/class/block/sda/device/model: 4558542045787465726e616c202020200a
DEBUG:testdata:sysfs attr /sys/class/block/nvme0n1/device/model: 53414d53554e47204d5a564c42323536484248512d3030304c3720202020202020202020202020200a
INFO:program:Running... udevadm settle --timeout=300
DEBUG:program:Return code: 0
DEBUG:testdata:sysfs attr /sys/class/block/sda/device/model: 4558542045787465726e616c202020200a
DEBUG:testdata:sysfs attr /sys/class/block/nvme0n1/device/model: 53414d53554e47204d5a564c42323536484248512d3030304c3720202020202020202020202020200a
INFO:program:Running... udevadm settle --timeout=300
DEBUG:program:Return code: 0
DEBUG:testdata:sysfs attr /sys/class/block/sda/device/model: 4558542045787465726e616c202020200a
DEBUG:testdata:sysfs attr /sys/class/block/nvme0n1/device/model: 53414d53554e47204d5a564c42323536484248512d3030304c3720202020202020202020202020200a
INFO:program:Running... udevadm settle --timeout=300
DEBUG:program:Return code: 0
DEBUG:testdata:sysfs attr /sys/class/block/sda/device/model: 4558542045787465726e616c202020200a
DEBUG:testdata:sysfs attr /sys/class/block/nvme0n1/device/model: 53414d53554e47204d5a564c42323536484248512d3030304c3720202020202020202020202020200a
INFO:program:Running... udevadm settle --timeout=300
DEBUG:program:Return code: 0
DEBUG:testdata:sysfs attr /sys/class/block/sda/device/model: 4558542045787465726e616c202020200a
DEBUG:testdata:sysfs attr /sys/class/block/nvme0n1/device/model: 53414d53554e47204d5a564c42323536484248512d3030304c3720202020202020202020202020200a
INFO:program:Running... udevadm settle --timeout=300
DEBUG:program:Return code: 0
DEBUG:testdata:sysfs attr /sys/class/block/sda/device/model: 4558542045787465726e616c202020200a
DEBUG:testdata:sysfs attr /sys/class/block/nvme0n1/device/model: 53414d53554e47204d5a564c42323536484248512d3030304c3720202020202020202020202020200a
INFO:program:Running... udevadm settle --timeout=300
DEBUG:program:Return code: 0
DEBUG:testdata:sysfs attr /sys/class/block/sda/device/model: 4558542045787465726e616c202020200a
DEBUG:testdata:sysfs attr /sys/class/block/nvme0n1/device/model: 53414d53554e47204d5a564c42323536484248512d3030304c3720202020202020202020202020200a
INFO:program:Running... udevadm settle --timeout=300
DEBUG:program:Return code: 0
DEBUG:testdata:sysfs attr /sys/class/block/sda/device/model: 4558542045787465726e616c202020200a
DEBUG:testdata:sysfs attr /sys/class/block/nvme0n1/device/model: 53414d53554e47204d5a564c42323536484248512d3030304c3720202020202020202020202020200a
INFO:program:Running... udevadm settle --timeout=300
DEBUG:program:Return code: 0
DEBUG:testdata:sysfs attr /sys/class/block/sda/device/model: 4558542045787465726e616c202020200a
DEBUG:testdata:sysfs attr /sys/class/block/nvme0n1/device/model: 53414d53554e47204d5a564c42323536484248512d3030304c3720202020202020202020202020200a
INFO:program:Running... udevadm settle --timeout=300
DEBUG:program:Return code: 0
DEBUG:testdata:sysfs attr /sys/class/block/sda/device/model: 4558542045787465726e616c202020200a
DEBUG:testdata:sysfs attr /sys/class/block/nvme0n1/device/model: 53414d53554e47204d5a564c42323536484248512d3030304c3720202020202020202020202020200a
DEBUG:blivet:            TmpFS.setup: device: tmpfs ; type: tmpfs ; status: True ;
DEBUG:blivet:            NoDevice.setup: proc ; orig: False ; status: True ; controllable: True ;
INFO:program:Running... udevadm settle --timeout=300
DEBUG:program:Return code: 0
DEBUG:testdata:sysfs attr /sys/class/block/sda/device/model: 4558542045787465726e616c202020200a
DEBUG:testdata:sysfs attr /sys/class/block/nvme0n1/device/model: 53414d53554e47204d5a564c42323536484248512d3030304c3720202020202020202020202020200a
INFO:program:Running... udevadm settle --timeout=300
DEBUG:program:Return code: 0
DEBUG:testdata:sysfs attr /sys/class/block/sda/device/model: 4558542045787465726e616c202020200a
DEBUG:testdata:sysfs attr /sys/class/block/nvme0n1/device/model: 53414d53554e47204d5a564c42323536484248512d3030304c3720202020202020202020202020200a
INFO:program:Running... udevadm settle --timeout=300
DEBUG:program:Return code: 0
DEBUG:testdata:sysfs attr /sys/class/block/sda/device/model: 4558542045787465726e616c202020200a
DEBUG:testdata:sysfs attr /sys/class/block/nvme0n1/device/model: 53414d53554e47204d5a564c42323536484248512d3030304c3720202020202020202020202020200a
INFO:program:Running... udevadm settle --timeout=300
DEBUG:program:Return code: 0
DEBUG:testdata:sysfs attr /sys/class/block/sda/device/model: 4558542045787465726e616c202020200a
DEBUG:testdata:sysfs attr /sys/class/block/nvme0n1/device/model: 53414d53554e47204d5a564c42323536484248512d3030304c3720202020202020202020202020200a
INFO:program:Running... udevadm settle --timeout=300
DEBUG:program:Return code: 0
DEBUG:testdata:sysfs attr /sys/class/block/sda/device/model: 4558542045787465726e616c202020200a
DEBUG:testdata:sysfs attr /sys/class/block/nvme0n1/device/model: 53414d53554e47204d5a564c42323536484248512d3030304c3720202020202020202020202020200a
INFO:program:Running... udevadm settle --timeout=300
DEBUG:program:Return code: 0
DEBUG:testdata:sysfs attr /sys/class/block/sda/device/model: 4558542045787465726e616c202020200a
DEBUG:testdata:sysfs attr /sys/class/block/nvme0n1/device/model: 53414d53554e47204d5a564c42323536484248512d3030304c3720202020202020202020202020200a
INFO:program:Running... udevadm settle --timeout=300
DEBUG:program:Return code: 0
DEBUG:testdata:sysfs attr /sys/class/block/sda/device/model: 4558542045787465726e616c202020200a
DEBUG:testdata:sysfs attr /sys/class/block/nvme0n1/device/model: 53414d53554e47204d5a564c42323536484248512d3030304c3720202020202020202020202020200a
INFO:program:Running... udevadm settle --timeout=300
DEBUG:program:Return code: 0
DEBUG:testdata:sysfs attr /sys/class/block/sda/device/model: 4558542045787465726e616c202020200a
DEBUG:testdata:sysfs attr /sys/class/block/nvme0n1/device/model: 53414d53554e47204d5a564c42323536484248512d3030304c3720202020202020202020202020200a
INFO:program:Running... udevadm settle --timeout=300
DEBUG:program:Return code: 0
DEBUG:testdata:sysfs attr /sys/class/block/sda/device/model: 4558542045787465726e616c202020200a
DEBUG:testdata:sysfs attr /sys/class/block/nvme0n1/device/model: 53414d53554e47204d5a564c42323536484248512d3030304c3720202020202020202020202020200a
INFO:program:Running... udevadm settle --timeout=300
DEBUG:program:Return code: 0
DEBUG:testdata:sysfs attr /sys/class/block/sda/device/model: 4558542045787465726e616c202020200a
DEBUG:testdata:sysfs attr /sys/class/block/nvme0n1/device/model: 53414d53554e47204d5a564c42323536484248512d3030304c3720202020202020202020202020200a
INFO:program:Running... udevadm settle --timeout=300
DEBUG:program:Return code: 0
DEBUG:testdata:sysfs attr /sys/class/block/sda/device/model: 4558542045787465726e616c202020200a
DEBUG:testdata:sysfs attr /sys/class/block/nvme0n1/device/model: 53414d53554e47204d5a564c42323536484248512d3030304c3720202020202020202020202020200a
DEBUG:blivet:            ProcFS.setup: device: proc ; type: proc ; status: False ;
INFO:program:Running... udevadm settle --timeout=300
DEBUG:program:Return code: 0
DEBUG:testdata:sysfs attr /sys/class/block/sda/device/model: 4558542045787465726e616c202020200a
DEBUG:testdata:sysfs attr /sys/class/block/nvme0n1/device/model: 53414d53554e47204d5a564c42323536484248512d3030304c3720202020202020202020202020200a
INFO:program:[libmkod] custom logging function 0x7f6dcb373680 registered

INFO:program:[libmkod] context 0x7f6db818ae40 released

DEBUG:blivet:            DirectoryDevice.setup: /run ; orig: False ; status: True ; controllable: True ;
INFO:program:Running... udevadm settle --timeout=300
DEBUG:program:Return code: 0
DEBUG:testdata:sysfs attr /sys/class/block/sda/device/model: 4558542045787465726e616c202020200a
DEBUG:testdata:sysfs attr /sys/class/block/nvme0n1/device/model: 53414d53554e47204d5a564c42323536484248512d3030304c3720202020202020202020202020200a
INFO:program:Running... udevadm settle --timeout=300
DEBUG:program:Return code: 0
DEBUG:testdata:sysfs attr /sys/class/block/sda/device/model: 4558542045787465726e616c202020200a
DEBUG:testdata:sysfs attr /sys/class/block/nvme0n1/device/model: 53414d53554e47204d5a564c42323536484248512d3030304c3720202020202020202020202020200a
INFO:program:Running... udevadm settle --timeout=300
DEBUG:program:Return code: 0
DEBUG:testdata:sysfs attr /sys/class/block/sda/device/model: 4558542045787465726e616c202020200a
DEBUG:testdata:sysfs attr /sys/class/block/nvme0n1/device/model: 53414d53554e47204d5a564c42323536484248512d3030304c3720202020202020202020202020200a
INFO:program:Running... udevadm settle --timeout=300
DEBUG:program:Return code: 0
DEBUG:testdata:sysfs attr /sys/class/block/sda/device/model: 4558542045787465726e616c202020200a
DEBUG:testdata:sysfs attr /sys/class/block/nvme0n1/device/model: 53414d53554e47204d5a564c42323536484248512d3030304c3720202020202020202020202020200a
INFO:program:Running... udevadm settle --timeout=300
DEBUG:program:Return code: 0
DEBUG:testdata:sysfs attr /sys/class/block/sda/device/model: 4558542045787465726e616c202020200a
DEBUG:testdata:sysfs attr /sys/class/block/nvme0n1/device/model: 53414d53554e47204d5a564c42323536484248512d3030304c3720202020202020202020202020200a
INFO:program:Running... udevadm settle --timeout=300
DEBUG:program:Return code: 0
DEBUG:testdata:sysfs attr /sys/class/block/sda/device/model: 4558542045787465726e616c202020200a
DEBUG:testdata:sysfs attr /sys/class/block/nvme0n1/device/model: 53414d53554e47204d5a564c42323536484248512d3030304c3720202020202020202020202020200a
INFO:program:Running... udevadm settle --timeout=300
DEBUG:program:Return code: 0
DEBUG:testdata:sysfs attr /sys/class/block/sda/device/model: 4558542045787465726e616c202020200a
DEBUG:testdata:sysfs attr /sys/class/block/nvme0n1/device/model: 53414d53554e47204d5a564c42323536484248512d3030304c3720202020202020202020202020200a
INFO:program:Running... udevadm settle --timeout=300
DEBUG:program:Return code: 0
DEBUG:testdata:sysfs attr /sys/class/block/sda/device/model: 4558542045787465726e616c202020200a
DEBUG:testdata:sysfs attr /sys/class/block/nvme0n1/device/model: 53414d53554e47204d5a564c42323536484248512d3030304c3720202020202020202020202020200a
INFO:program:Running... udevadm settle --timeout=300
DEBUG:program:Return code: 0
DEBUG:testdata:sysfs attr /sys/class/block/sda/device/model: 4558542045787465726e616c202020200a
DEBUG:testdata:sysfs attr /sys/class/block/nvme0n1/device/model: 53414d53554e47204d5a564c42323536484248512d3030304c3720202020202020202020202020200a
INFO:program:Running... udevadm settle --timeout=300
DEBUG:program:Return code: 0
DEBUG:testdata:sysfs attr /sys/class/block/sda/device/model: 4558542045787465726e616c202020200a
DEBUG:testdata:sysfs attr /sys/class/block/nvme0n1/device/model: 53414d53554e47204d5a564c42323536484248512d3030304c3720202020202020202020202020200a
INFO:program:Running... udevadm settle --timeout=300
DEBUG:program:Return code: 0
DEBUG:testdata:sysfs attr /sys/class/block/sda/device/model: 4558542045787465726e616c202020200a
DEBUG:testdata:sysfs attr /sys/class/block/nvme0n1/device/model: 53414d53554e47204d5a564c42323536484248512d3030304c3720202020202020202020202020200a
INFO:program:Running... udevadm settle --timeout=300
DEBUG:program:Return code: 0
DEBUG:testdata:sysfs attr /sys/class/block/sda/device/model: 4558542045787465726e616c202020200a
DEBUG:testdata:sysfs attr /sys/class/block/nvme0n1/device/model: 53414d53554e47204d5a564c42323536484248512d3030304c3720202020202020202020202020200a
DEBUG:blivet:            BindFS.setup: device: /run ; type: bind ; status: False ;
INFO:program:Running... udevadm settle --timeout=300
DEBUG:program:Return code: 0
DEBUG:testdata:sysfs attr /sys/class/block/sda/device/model: 4558542045787465726e616c202020200a
DEBUG:testdata:sysfs attr /sys/class/block/nvme0n1/device/model: 53414d53554e47204d5a564c42323536484248512d3030304c3720202020202020202020202020200a
DEBUG:blivet:            NoDevice.setup: sysfs ; orig: False ; status: False ; controllable: True ;
INFO:program:Running... udevadm settle --timeout=300
DEBUG:program:Return code: 0
DEBUG:testdata:sysfs attr /sys/class/block/sda/device/model: 4558542045787465726e616c202020200a
DEBUG:testdata:sysfs attr /sys/class/block/nvme0n1/device/model: 53414d53554e47204d5a564c42323536484248512d3030304c3720202020202020202020202020200a
INFO:program:Running... udevadm settle --timeout=300
DEBUG:program:Return code: 0
DEBUG:testdata:sysfs attr /sys/class/block/sda/device/model: 4558542045787465726e616c202020200a
DEBUG:testdata:sysfs attr /sys/class/block/nvme0n1/device/model: 53414d53554e47204d5a564c42323536484248512d3030304c3720202020202020202020202020200a
INFO:program:Running... udevadm settle --timeout=300
DEBUG:program:Return code: 0
DEBUG:testdata:sysfs attr /sys/class/block/sda/device/model: 4558542045787465726e616c202020200a
DEBUG:testdata:sysfs attr /sys/class/block/nvme0n1/device/model: 53414d53554e47204d5a564c42323536484248512d3030304c3720202020202020202020202020200a
INFO:program:Running... udevadm settle --timeout=300
DEBUG:program:Return code: 0
DEBUG:testdata:sysfs attr /sys/class/block/sda/device/model: 4558542045787465726e616c202020200a
DEBUG:testdata:sysfs attr /sys/class/block/nvme0n1/device/model: 53414d53554e47204d5a564c42323536484248512d3030304c3720202020202020202020202020200a
INFO:program:Running... udevadm settle --timeout=300
DEBUG:program:Return code: 0
DEBUG:testdata:sysfs attr /sys/class/block/sda/device/model: 4558542045787465726e616c202020200a
DEBUG:testdata:sysfs attr /sys/class/block/nvme0n1/device/model: 53414d53554e47204d5a564c42323536484248512d3030304c3720202020202020202020202020200a
INFO:program:Running... udevadm settle --timeout=300
DEBUG:program:Return code: 0
DEBUG:testdata:sysfs attr /sys/class/block/sda/device/model: 4558542045787465726e616c202020200a
DEBUG:testdata:sysfs attr /sys/class/block/nvme0n1/device/model: 53414d53554e47204d5a564c42323536484248512d3030304c3720202020202020202020202020200a
INFO:program:Running... udevadm settle --timeout=300
DEBUG:program:Return code: 0
DEBUG:testdata:sysfs attr /sys/class/block/sda/device/model: 4558542045787465726e616c202020200a
DEBUG:testdata:sysfs attr /sys/class/block/nvme0n1/device/model: 53414d53554e47204d5a564c42323536484248512d3030304c3720202020202020202020202020200a
INFO:program:Running... udevadm settle --timeout=300
DEBUG:program:Return code: 0
DEBUG:testdata:sysfs attr /sys/class/block/sda/device/model: 4558542045787465726e616c202020200a
DEBUG:testdata:sysfs attr /sys/class/block/nvme0n1/device/model: 53414d53554e47204d5a564c42323536484248512d3030304c3720202020202020202020202020200a
INFO:program:Running... udevadm settle --timeout=300
DEBUG:program:Return code: 0
DEBUG:testdata:sysfs attr /sys/class/block/sda/device/model: 4558542045787465726e616c202020200a
DEBUG:testdata:sysfs attr /sys/class/block/nvme0n1/device/model: 53414d53554e47204d5a564c42323536484248512d3030304c3720202020202020202020202020200a
INFO:program:Running... udevadm settle --timeout=300
DEBUG:program:Return code: 0
DEBUG:testdata:sysfs attr /sys/class/block/sda/device/model: 4558542045787465726e616c202020200a
DEBUG:testdata:sysfs attr /sys/class/block/nvme0n1/device/model: 53414d53554e47204d5a564c42323536484248512d3030304c3720202020202020202020202020200a
INFO:program:Running... udevadm settle --timeout=300
DEBUG:program:Return code: 0
DEBUG:testdata:sysfs attr /sys/class/block/sda/device/model: 4558542045787465726e616c202020200a
DEBUG:testdata:sysfs attr /sys/class/block/nvme0n1/device/model: 53414d53554e47204d5a564c42323536484248512d3030304c3720202020202020202020202020200a
DEBUG:blivet:            SysFS.setup: device: sysfs ; type: sysfs ; status: False ;
INFO:program:Running... udevadm settle --timeout=300
DEBUG:program:Return code: 0
DEBUG:testdata:sysfs attr /sys/class/block/sda/device/model: 4558542045787465726e616c202020200a
DEBUG:testdata:sysfs attr /sys/class/block/nvme0n1/device/model: 53414d53554e47204d5a564c42323536484248512d3030304c3720202020202020202020202020200a
DEBUG:blivet:            NoDevice.setup: efivarfs ; orig: False ; status: False ; controllable: True ;
INFO:program:Running... udevadm settle --timeout=300
DEBUG:program:Return code: 0
DEBUG:testdata:sysfs attr /sys/class/block/sda/device/model: 4558542045787465726e616c202020200a
DEBUG:testdata:sysfs attr /sys/class/block/nvme0n1/device/model: 53414d53554e47204d5a564c42323536484248512d3030304c3720202020202020202020202020200a
INFO:program:Running... udevadm settle --timeout=300
DEBUG:program:Return code: 0
DEBUG:testdata:sysfs attr /sys/class/block/sda/device/model: 4558542045787465726e616c202020200a
DEBUG:testdata:sysfs attr /sys/class/block/nvme0n1/device/model: 53414d53554e47204d5a564c42323536484248512d3030304c3720202020202020202020202020200a
INFO:program:Running... udevadm settle --timeout=300
DEBUG:program:Return code: 0
DEBUG:testdata:sysfs attr /sys/class/block/sda/device/model: 4558542045787465726e616c202020200a
DEBUG:testdata:sysfs attr /sys/class/block/nvme0n1/device/model: 53414d53554e47204d5a564c42323536484248512d3030304c3720202020202020202020202020200a
INFO:program:Running... udevadm settle --timeout=300
DEBUG:program:Return code: 0
DEBUG:testdata:sysfs attr /sys/class/block/sda/device/model: 4558542045787465726e616c202020200a
DEBUG:testdata:sysfs attr /sys/class/block/nvme0n1/device/model: 53414d53554e47204d5a564c42323536484248512d3030304c3720202020202020202020202020200a
INFO:program:Running... udevadm settle --timeout=300
DEBUG:program:Return code: 0
DEBUG:testdata:sysfs attr /sys/class/block/sda/device/model: 4558542045787465726e616c202020200a
DEBUG:testdata:sysfs attr /sys/class/block/nvme0n1/device/model: 53414d53554e47204d5a564c42323536484248512d3030304c3720202020202020202020202020200a
INFO:program:Running... udevadm settle --timeout=300
DEBUG:program:Return code: 0
DEBUG:testdata:sysfs attr /sys/class/block/sda/device/model: 4558542045787465726e616c202020200a
DEBUG:testdata:sysfs attr /sys/class/block/nvme0n1/device/model: 53414d53554e47204d5a564c42323536484248512d3030304c3720202020202020202020202020200a
INFO:program:Running... udevadm settle --timeout=300
DEBUG:program:Return code: 0
DEBUG:testdata:sysfs attr /sys/class/block/sda/device/model: 4558542045787465726e616c202020200a
DEBUG:testdata:sysfs attr /sys/class/block/nvme0n1/device/model: 53414d53554e47204d5a564c42323536484248512d3030304c3720202020202020202020202020200a
INFO:program:Running... udevadm settle --timeout=300
DEBUG:program:Return code: 0
DEBUG:testdata:sysfs attr /sys/class/block/sda/device/model: 4558542045787465726e616c202020200a
DEBUG:testdata:sysfs attr /sys/class/block/nvme0n1/device/model: 53414d53554e47204d5a564c42323536484248512d3030304c3720202020202020202020202020200a
INFO:program:Running... udevadm settle --timeout=300
DEBUG:program:Return code: 0
DEBUG:testdata:sysfs attr /sys/class/block/sda/device/model: 4558542045787465726e616c202020200a
DEBUG:testdata:sysfs attr /sys/class/block/nvme0n1/device/model: 53414d53554e47204d5a564c42323536484248512d3030304c3720202020202020202020202020200a
INFO:program:Running... udevadm settle --timeout=300
DEBUG:program:Return code: 0
DEBUG:testdata:sysfs attr /sys/class/block/sda/device/model: 4558542045787465726e616c202020200a
DEBUG:testdata:sysfs attr /sys/class/block/nvme0n1/device/model: 53414d53554e47204d5a564c42323536484248512d3030304c3720202020202020202020202020200a
INFO:program:Running... udevadm settle --timeout=300
DEBUG:program:Return code: 0
DEBUG:testdata:sysfs attr /sys/class/block/sda/device/model: 4558542045787465726e616c202020200a
DEBUG:testdata:sysfs attr /sys/class/block/nvme0n1/device/model: 53414d53554e47204d5a564c42323536484248512d3030304c3720202020202020202020202020200a
DEBUG:blivet:            EFIVarFS.setup: device: efivarfs ; type: efivarfs ; status: False ;
INFO:program:Running... udevadm settle --timeout=300
DEBUG:program:Return code: 0
DEBUG:testdata:sysfs attr /sys/class/block/sda/device/model: 4558542045787465726e616c202020200a
DEBUG:testdata:sysfs attr /sys/class/block/nvme0n1/device/model: 53414d53554e47204d5a564c42323536484248512d3030304c3720202020202020202020202020200a
DEBUG:blivet:            NoDevice.setup: selinuxfs ; orig: False ; status: False ; controllable: True ;
INFO:program:Running... udevadm settle --timeout=300
DEBUG:program:Return code: 0
DEBUG:testdata:sysfs attr /sys/class/block/sda/device/model: 4558542045787465726e616c202020200a
DEBUG:testdata:sysfs attr /sys/class/block/nvme0n1/device/model: 53414d53554e47204d5a564c42323536484248512d3030304c3720202020202020202020202020200a
INFO:program:Running... udevadm settle --timeout=300
DEBUG:program:Return code: 0
DEBUG:testdata:sysfs attr /sys/class/block/sda/device/model: 4558542045787465726e616c202020200a
DEBUG:testdata:sysfs attr /sys/class/block/nvme0n1/device/model: 53414d53554e47204d5a564c42323536484248512d3030304c3720202020202020202020202020200a
INFO:program:Running... udevadm settle --timeout=300
DEBUG:program:Return code: 0
DEBUG:testdata:sysfs attr /sys/class/block/sda/device/model: 4558542045787465726e616c202020200a
DEBUG:testdata:sysfs attr /sys/class/block/nvme0n1/device/model: 53414d53554e47204d5a564c42323536484248512d3030304c3720202020202020202020202020200a
INFO:program:Running... udevadm settle --timeout=300
DEBUG:program:Return code: 0
DEBUG:testdata:sysfs attr /sys/class/block/sda/device/model: 4558542045787465726e616c202020200a
DEBUG:testdata:sysfs attr /sys/class/block/nvme0n1/device/model: 53414d53554e47204d5a564c42323536484248512d3030304c3720202020202020202020202020200a
INFO:program:Running... udevadm settle --timeout=300
DEBUG:program:Return code: 0
DEBUG:testdata:sysfs attr /sys/class/block/sda/device/model: 4558542045787465726e616c202020200a
DEBUG:testdata:sysfs attr /sys/class/block/nvme0n1/device/model: 53414d53554e47204d5a564c42323536484248512d3030304c3720202020202020202020202020200a
INFO:program:Running... udevadm settle --timeout=300
DEBUG:program:Return code: 0
DEBUG:testdata:sysfs attr /sys/class/block/sda/device/model: 4558542045787465726e616c202020200a
DEBUG:testdata:sysfs attr /sys/class/block/nvme0n1/device/model: 53414d53554e47204d5a564c42323536484248512d3030304c3720202020202020202020202020200a
INFO:program:Running... udevadm settle --timeout=300
DEBUG:program:Return code: 0
DEBUG:testdata:sysfs attr /sys/class/block/sda/device/model: 4558542045787465726e616c202020200a
DEBUG:testdata:sysfs attr /sys/class/block/nvme0n1/device/model: 53414d53554e47204d5a564c42323536484248512d3030304c3720202020202020202020202020200a
INFO:program:Running... udevadm settle --timeout=300
DEBUG:program:Return code: 0
DEBUG:testdata:sysfs attr /sys/class/block/sda/device/model: 4558542045787465726e616c202020200a
DEBUG:testdata:sysfs attr /sys/class/block/nvme0n1/device/model: 53414d53554e47204d5a564c42323536484248512d3030304c3720202020202020202020202020200a
INFO:program:Running... udevadm settle --timeout=300
DEBUG:program:Return code: 0
DEBUG:testdata:sysfs attr /sys/class/block/sda/device/model: 4558542045787465726e616c202020200a
DEBUG:testdata:sysfs attr /sys/class/block/nvme0n1/device/model: 53414d53554e47204d5a564c42323536484248512d3030304c3720202020202020202020202020200a
INFO:program:Running... udevadm settle --timeout=300
DEBUG:program:Return code: 0
DEBUG:testdata:sysfs attr /sys/class/block/sda/device/model: 4558542045787465726e616c202020200a
DEBUG:testdata:sysfs attr /sys/class/block/nvme0n1/device/model: 53414d53554e47204d5a564c42323536484248512d3030304c3720202020202020202020202020200a
INFO:program:Running... udevadm settle --timeout=300
DEBUG:program:Return code: 0
DEBUG:testdata:sysfs attr /sys/class/block/sda/device/model: 4558542045787465726e616c202020200a
DEBUG:testdata:sysfs attr /sys/class/block/nvme0n1/device/model: 53414d53554e47204d5a564c42323536484248512d3030304c3720202020202020202020202020200a
DEBUG:blivet:            SELinuxFS.setup: device: selinuxfs ; type: selinuxfs ; status: False ;
INFO:program:Running... udevadm settle --timeout=300
DEBUG:program:Return code: 0
DEBUG:testdata:sysfs attr /sys/class/block/sda/device/model: 4558542045787465726e616c202020200a
DEBUG:testdata:sysfs attr /sys/class/block/nvme0n1/device/model: 53414d53554e47204d5a564c42323536484248512d3030304c3720202020202020202020202020200a
DEBUG:blivet:            NoDevice.setup: tmpfs ; orig: False ; status: False ; controllable: True ;
INFO:program:Running... udevadm settle --timeout=300
DEBUG:program:Return code: 0
DEBUG:testdata:sysfs attr /sys/class/block/sda/device/model: 4558542045787465726e616c202020200a
DEBUG:testdata:sysfs attr /sys/class/block/nvme0n1/device/model: 53414d53554e47204d5a564c42323536484248512d3030304c3720202020202020202020202020200a
INFO:program:Running... udevadm settle --timeout=300
DEBUG:program:Return code: 0
DEBUG:testdata:sysfs attr /sys/class/block/sda/device/model: 4558542045787465726e616c202020200a
DEBUG:testdata:sysfs attr /sys/class/block/nvme0n1/device/model: 53414d53554e47204d5a564c42323536484248512d3030304c3720202020202020202020202020200a
INFO:program:Running... udevadm settle --timeout=300
DEBUG:program:Return code: 0
DEBUG:testdata:sysfs attr /sys/class/block/sda/device/model: 4558542045787465726e616c202020200a
DEBUG:testdata:sysfs attr /sys/class/block/nvme0n1/device/model: 53414d53554e47204d5a564c42323536484248512d3030304c3720202020202020202020202020200a
INFO:program:Running... udevadm settle --timeout=300
DEBUG:program:Return code: 0
DEBUG:testdata:sysfs attr /sys/class/block/sda/device/model: 4558542045787465726e616c202020200a
DEBUG:testdata:sysfs attr /sys/class/block/nvme0n1/device/model: 53414d53554e47204d5a564c42323536484248512d3030304c3720202020202020202020202020200a
INFO:program:Running... udevadm settle --timeout=300
DEBUG:program:Return code: 0
DEBUG:testdata:sysfs attr /sys/class/block/sda/device/model: 4558542045787465726e616c202020200a
DEBUG:testdata:sysfs attr /sys/class/block/nvme0n1/device/model: 53414d53554e47204d5a564c42323536484248512d3030304c3720202020202020202020202020200a
INFO:program:Running... udevadm settle --timeout=300
DEBUG:program:Return code: 0
DEBUG:testdata:sysfs attr /sys/class/block/sda/device/model: 4558542045787465726e616c202020200a
DEBUG:testdata:sysfs attr /sys/class/block/nvme0n1/device/model: 53414d53554e47204d5a564c42323536484248512d3030304c3720202020202020202020202020200a
INFO:program:Running... udevadm settle --timeout=300
DEBUG:program:Return code: 0
DEBUG:testdata:sysfs attr /sys/class/block/sda/device/model: 4558542045787465726e616c202020200a
DEBUG:testdata:sysfs attr /sys/class/block/nvme0n1/device/model: 53414d53554e47204d5a564c42323536484248512d3030304c3720202020202020202020202020200a
INFO:program:Running... udevadm settle --timeout=300
DEBUG:program:Return code: 0
DEBUG:testdata:sysfs attr /sys/class/block/sda/device/model: 4558542045787465726e616c202020200a
DEBUG:testdata:sysfs attr /sys/class/block/nvme0n1/device/model: 53414d53554e47204d5a564c42323536484248512d3030304c3720202020202020202020202020200a
INFO:program:Running... udevadm settle --timeout=300
DEBUG:program:Return code: 0
DEBUG:testdata:sysfs attr /sys/class/block/sda/device/model: 4558542045787465726e616c202020200a
DEBUG:testdata:sysfs attr /sys/class/block/nvme0n1/device/model: 53414d53554e47204d5a564c42323536484248512d3030304c3720202020202020202020202020200a
INFO:program:Running... udevadm settle --timeout=300
DEBUG:program:Return code: 0
DEBUG:testdata:sysfs attr /sys/class/block/sda/device/model: 4558542045787465726e616c202020200a
DEBUG:testdata:sysfs attr /sys/class/block/nvme0n1/device/model: 53414d53554e47204d5a564c42323536484248512d3030304c3720202020202020202020202020200a
DEBUG:blivet:            TmpFS.setup: device: tmpfs ; type: tmpfs ; status: True ;
INFO:program:Running... findmnt -rn /mnt/sysroot
DEBUG:program:Return code of findmnt: 1
INFO:program:Running... mount --rbind /mnt/sysimage /mnt/sysroot
DEBUG:program:Return code of mount: 0
INFO:anaconda.core.threads:Thread Done: AnaTaskThread-MountFilesystemsTask-1 (140109401986752)
INFO:anaconda.core.threads:Running Thread: AnaTaskThread-WriteConfigurationTask-1 (140109392545472)
INFO:anaconda.modules.common.task.task:Write the storage configuration
DEBUG:anaconda.modules.storage.installation:Don't write the storage configuration during the installation to a directory.
INFO:anaconda.core.threads:Thread Done: AnaTaskThread-WriteConfigurationTask-1 (140109392545472)
DEBUG:anaconda.modules.storage.bootloader.bootloader:The bootloader configuration is disabled for dir installations.
DEBUG:dasbus.connection:Publishing an object at /org/fedoraproject/Anaconda/Modules/Storage/Task/5.
DEBUG:dasbus.connection:Publishing an object at /org/fedoraproject/Anaconda/Modules/Storage/Task/6.
DEBUG:dasbus.connection:Publishing an object at /org/fedoraproject/Anaconda/Modules/Storage/Task/7.
DEBUG:dasbus.connection:Publishing an object at /org/fedoraproject/Anaconda/Modules/Storage/Task/8.
DEBUG:dasbus.connection:Publishing an object at /org/fedoraproject/Anaconda/Modules/Storage/Task/9.
INFO:anaconda.core.threads:Running Thread: AnaTaskThread-CreateRescueImagesTask-1 (140109392545472)
INFO:anaconda.modules.common.task.task:Create rescue images
DEBUG:anaconda.modules.storage.bootloader.installation:Only live payloads require this fix.
INFO:anaconda.core.threads:Thread Done: AnaTaskThread-CreateRescueImagesTask-1 (140109392545472)
INFO:anaconda.core.threads:Running Thread: AnaTaskThread-ConfigureBootloaderTask-1 (140109392545472)
INFO:anaconda.modules.common.task.task:Configure the bootloader
DEBUG:anaconda.modules.storage.bootloader.installation:The bootloader configuration is disabled for dir installations.
INFO:anaconda.core.threads:Thread Done: AnaTaskThread-ConfigureBootloaderTask-1 (140109392545472)
INFO:anaconda.core.threads:Running Thread: AnaTaskThread-CollectKernelArgumentsTask-1 (140109392545472)
INFO:anaconda.modules.common.task.task:Collect kernel arguments
DEBUG:anaconda.modules.storage.bootloader.installation:The bootloader installation is disabled for dir installations.
INFO:anaconda.core.threads:Thread Done: AnaTaskThread-CollectKernelArgumentsTask-1 (140109392545472)
INFO:anaconda.core.threads:Running Thread: AnaTaskThread-InstallBootloaderTask-1 (140109392545472)
INFO:anaconda.modules.common.task.task:Install the bootloader
DEBUG:anaconda.modules.storage.bootloader.installation:The bootloader installation is disabled for dir installations.
INFO:anaconda.core.threads:Thread Done: AnaTaskThread-InstallBootloaderTask-1 (140109392545472)
INFO:anaconda.core.threads:Running Thread: AnaTaskThread-CreateBLSEntriesTask-1 (140109392545472)
INFO:anaconda.modules.common.task.task:Create the BLS entries
DEBUG:anaconda.modules.storage.bootloader.installation:Only live payloads require this fix.
INFO:anaconda.core.threads:Thread Done: AnaTaskThread-CreateBLSEntriesTask-1 (140109392545472)
DEBUG:dasbus.connection:Publishing an object at /org/fedoraproject/Anaconda/Modules/Storage/Task/10.
DEBUG:dasbus.connection:Publishing an object at /org/fedoraproject/Anaconda/Modules/Storage/Task/11.
INFO:anaconda.core.threads:Running Thread: AnaTaskThread-RecreateInitrdsTask-1 (140109392545472)
INFO:anaconda.modules.common.task.task:Recreate the initrds
INFO:anaconda.modules.storage.bootloader.factory:Created the boot loader EFIGRUB.
DEBUG:anaconda.modules.storage.bootloader.utils:new-kernel-pkg does not exist, using dracut instead
INFO:anaconda.modules.storage.bootloader.utils:Recreating initrd for 6.17.1-300.fc43.x86_64
INFO:program:Running in chroot '/mnt/sysroot'... depmod -a 6.17.1-300.fc43.x86_64
DEBUG:program:Return code of depmod: 0
INFO:program:Running in chroot '/mnt/sysroot'... dracut -f /boot/initramfs-6.17.1-300.fc43.x86_64.img 6.17.1-300.fc43.x86_64
INFO:program:dracut[W]: Running in hostonly mode in a container!
DEBUG:program:Return code of dracut: 0
INFO:anaconda.core.threads:Thread Done: AnaTaskThread-RecreateInitrdsTask-1 (140109392545472)
INFO:anaconda.core.threads:Running Thread: AnaTaskThread-FixBTRFSBootloaderTask-1 (140109392545472)
INFO:anaconda.modules.common.task.task:Fix the bootloader on BTRFS
DEBUG:anaconda.modules.storage.bootloader.installation:Only live payloads require this fix.
INFO:anaconda.core.threads:Thread Done: AnaTaskThread-FixBTRFSBootloaderTask-1 (140109392545472)
INFO:anaconda.core.threads:Running Thread: AnaTaskThread-FixZIPLBootloaderTask-1 (140109392545472)
INFO:anaconda.modules.common.task.task:Rerun zipl
DEBUG:anaconda.modules.storage.bootloader.installation:ZIPL can be run only on s390x.
INFO:anaconda.core.threads:Thread Done: AnaTaskThread-FixZIPLBootloaderTask-1 (140109392545472)
DEBUG:anaconda.modules.common.base.base:Generating kickstart...
DEBUG:dasbus.connection:Publishing an object at /org/fedoraproject/Anaconda/Modules/Storage/Task/12.
DEBUG:dasbus.connection:Publishing an object at /org/fedoraproject/Anaconda/Modules/Storage/Task/13.
INFO:anaconda.core.threads:Running Thread: AnaTaskThread-UnmountFilesystemsTask-1 (140109392545472)
INFO:anaconda.modules.common.task.task:Unmount filesystems
DEBUG:blivet:            TmpFS.teardown: device: tmpfs ; type: tmpfs ; status: True ;
INFO:program:Running... udevadm settle --timeout=300
DEBUG:program:Return code: 0
INFO:program:Running... umount /mnt/sysimage/tmp
DEBUG:program:Return code: 0
INFO:program:Running... udevadm settle --timeout=300
DEBUG:program:Return code: 0
DEBUG:blivet:            SELinuxFS.teardown: device: selinuxfs ; type: selinuxfs ; status: True ;
INFO:program:Running... udevadm settle --timeout=300
DEBUG:program:Return code: 0
INFO:program:Running... umount /mnt/sysimage/sys/fs/selinux
DEBUG:program:Return code: 0
INFO:program:Running... udevadm settle --timeout=300
DEBUG:program:Return code: 0
DEBUG:blivet:            EFIVarFS.teardown: device: efivarfs ; type: efivarfs ; status: True ;
INFO:program:Running... udevadm settle --timeout=300
DEBUG:program:Return code: 0
INFO:program:Running... umount /mnt/sysimage/sys/firmware/efi/efivars
DEBUG:program:Return code: 0
INFO:program:Running... udevadm settle --timeout=300
DEBUG:program:Return code: 0
DEBUG:blivet:            SysFS.teardown: device: sysfs ; type: sysfs ; status: True ;
INFO:program:Running... udevadm settle --timeout=300
DEBUG:program:Return code: 0
INFO:program:Running... umount /mnt/sysimage/sys
DEBUG:program:Return code: 0
INFO:program:Running... udevadm settle --timeout=300
DEBUG:program:Return code: 0
DEBUG:blivet:            BindFS.teardown: device: /run ; type: bind ; status: True ;
INFO:program:Running... udevadm settle --timeout=300
DEBUG:program:Return code: 0
INFO:program:Running... umount /mnt/sysimage/run
DEBUG:program:Return code: 0
INFO:program:Running... udevadm settle --timeout=300
DEBUG:program:Return code: 0
INFO:program:[libmkod] custom logging function 0x7f6dcb373680 registered

INFO:program:[libmkod] context 0x7f6db80017e0 released

DEBUG:blivet:            ProcFS.teardown: device: proc ; type: proc ; status: True ;
INFO:program:Running... udevadm settle --timeout=300
DEBUG:program:Return code: 0
INFO:program:Running... umount /mnt/sysimage/proc
DEBUG:program:Return code: 0
INFO:program:Running... udevadm settle --timeout=300
DEBUG:program:Return code: 0
DEBUG:blivet:            TmpFS.teardown: device: tmpfs ; type: tmpfs ; status: True ;
INFO:program:Running... udevadm settle --timeout=300
DEBUG:program:Return code: 0
INFO:program:Running... umount /mnt/sysimage/dev/shm
DEBUG:program:Return code: 0
INFO:program:Running... udevadm settle --timeout=300
DEBUG:program:Return code: 0
DEBUG:blivet:            DevPtsFS.teardown: device: devpts ; type: devpts ; status: True ;
INFO:program:Running... udevadm settle --timeout=300
DEBUG:program:Return code: 0
INFO:program:Running... umount /mnt/sysimage/dev/pts
DEBUG:program:Return code: 0
INFO:program:Running... udevadm settle --timeout=300
DEBUG:program:Return code: 0
DEBUG:blivet:            BindFS.teardown: device: /dev ; type: bind ; status: True ;
INFO:program:Running... udevadm settle --timeout=300
DEBUG:program:Return code: 0
INFO:program:Running... umount /mnt/sysimage/dev
DEBUG:program:Return code: 0
INFO:program:Running... udevadm settle --timeout=300
DEBUG:program:Return code: 0
INFO:program:Running... findmnt -rn /mnt/sysroot
INFO:program:/mnt/sysroot /dev/loop0 ext4 rw,relatime,seclabel
DEBUG:program:Return code of findmnt: 0
INFO:program:Running... mount --make-rprivate /mnt/sysroot
DEBUG:program:Return code of mount: 0
INFO:program:Running... umount --recursive /mnt/sysroot
DEBUG:program:Return code of umount: 0
INFO:anaconda.core.threads:Thread Done: AnaTaskThread-UnmountFilesystemsTask-1 (140109392545472)
INFO:anaconda.core.threads:Running Thread: AnaTaskThread-TeardownDiskImagesTask-1 (140109383104192)
INFO:anaconda.modules.common.task.task:Tear down disk images
INFO:anaconda.core.threads:Thread Done: AnaTaskThread-TeardownDiskImagesTask-1 (140109383104192)
DEBUG:dasbus.connection:Disconnecting from the bus.
